Flow report for cla16
Sat Jun 09 09:37:52 2018
Quartus II Version 9.1 Build 350 03/24/2010 Service Pack 2 SJ Web Edition


---------------------
; Table of Contents ;
---------------------
  1. Legal Notice
  2. Flow Summary
  3. Flow Settings
  4. Flow Non-Default Global Settings
  5. Flow Elapsed Time
  6. Flow OS Summary
  7. Flow Log



----------------
; Legal Notice ;
----------------
Copyright (C) 1991-2010 Altera Corporation
Your use of Altera Corporation's design tools, logic functions 
and other software and tools, and its AMPP partner logic 
functions, and any output files from any of the foregoing 
(including device programming or simulation files), and any 
associated documentation or information are expressly subject 
to the terms and conditions of the Altera Program License 
Subscription Agreement, Altera MegaCore Function License 
Agreement, or other applicable license agreement, including, 
without limitation, that your use is for the sole purpose of 
programming logic devices manufactured by Altera and sold by 
Altera or its authorized distributors.  Please refer to the 
applicable agreement for further details.



+-----------------------------------------------------------------------------------+
; Flow Summary                                                                      ;
+------------------------------------+----------------------------------------------+
; Flow Status                        ; Successful - Sat Jun 09 09:37:52 2018        ;
; Quartus II Version                 ; 9.1 Build 350 03/24/2010 SP 2 SJ Web Edition ;
; Revision Name                      ; cla16                                        ;
; Top-level Entity Name              ; cla16                                        ;
; Family                             ; Cyclone II                                   ;
; Device                             ; EP2C5T144C6                                  ;
; Timing Models                      ; Final                                        ;
; Met timing requirements            ; Yes                                          ;
; Total logic elements               ; 65 / 4,608 ( 1 % )                           ;
;     Total combinational functions  ; 65 / 4,608 ( 1 % )                           ;
;     Dedicated logic registers      ; 0 / 4,608 ( 0 % )                            ;
; Total registers                    ; 0                                            ;
; Total pins                         ; 52 / 89 ( 58 % )                             ;
; Total virtual pins                 ; 0                                            ;
; Total memory bits                  ; 0 / 119,808 ( 0 % )                          ;
; Embedded Multiplier 9-bit elements ; 0 / 26 ( 0 % )                               ;
; Total PLLs                         ; 0 / 2 ( 0 % )                                ;
+------------------------------------+----------------------------------------------+


+-----------------------------------------+
; Flow Settings                           ;
+-------------------+---------------------+
; Option            ; Setting             ;
+-------------------+---------------------+
; Start date & time ; 06/09/2018 09:36:36 ;
; Main task         ; Compilation         ;
; Revision Name     ; cla16               ;
+-------------------+---------------------+


+-----------------------------------------------------------------------------------------------------------------------+
; Flow Non-Default Global Settings                                                                                      ;
+--------------------------------------+--------------------------------+---------------+-------------+-----------------+
; Assignment Name                      ; Value                          ; Default Value ; Entity Name ; Section Id      ;
+--------------------------------------+--------------------------------+---------------+-------------+-----------------+
; COMPILER_SIGNATURE_ID                ; 88623642064806.152854779609640 ; --            ; --          ; --              ;
; EDA_DESIGN_INSTANCE_NAME             ; dut                            ; --            ; --          ; testbench_cla16 ;
; EDA_NATIVELINK_SIMULATION_TEST_BENCH ; testbench_cla16                ; --            ; --          ; eda_simulation  ;
; EDA_OUTPUT_DATA_FORMAT               ; Vhdl                           ; --            ; --          ; eda_simulation  ;
; EDA_SIMULATION_TOOL                  ; ModelSim-Altera (VHDL)         ; <None>        ; --          ; --              ;
; EDA_TEST_BENCH_ENABLE_STATUS         ; TEST_BENCH_MODE                ; --            ; --          ; eda_simulation  ;
; EDA_TEST_BENCH_FILE                  ; testbench/testbench_cla16.vhd  ; --            ; --          ; testbench_cla16 ;
; EDA_TEST_BENCH_MODULE_NAME           ; testbench_cla16                ; --            ; --          ; testbench_cla16 ;
; EDA_TEST_BENCH_NAME                  ; testbench_cla16                ; --            ; --          ; eda_simulation  ;
; MAX_CORE_JUNCTION_TEMP               ; 85                             ; --            ; --          ; --              ;
; MIN_CORE_JUNCTION_TEMP               ; 0                              ; --            ; --          ; --              ;
; PARTITION_COLOR                      ; 16764057                       ; --            ; --          ; Top             ;
; PARTITION_NETLIST_TYPE               ; SOURCE                         ; --            ; --          ; Top             ;
; USE_GENERATED_PHYSICAL_CONSTRAINTS   ; Off                            ; --            ; --          ; eda_blast_fpga  ;
+--------------------------------------+--------------------------------+---------------+-------------+-----------------+


+-----------------------------------------------------------------------------------------------------------------------------+
; Flow Elapsed Time                                                                                                           ;
+-------------------------+--------------+-------------------------+---------------------+------------------------------------+
; Module Name             ; Elapsed Time ; Average Processors Used ; Peak Virtual Memory ; Total CPU Time (on all processors) ;
+-------------------------+--------------+-------------------------+---------------------+------------------------------------+
; Analysis & Synthesis    ; 00:00:09     ; 1.0                     ; 266 MB              ; 00:00:03                           ;
; Fitter                  ; 00:00:08     ; 1.0                     ; 273 MB              ; 00:00:02                           ;
; Assembler               ; 00:00:05     ; 1.0                     ; 234 MB              ; 00:00:01                           ;
; Classic Timing Analyzer ; 00:00:10     ; 1.0                     ; 196 MB              ; 00:00:01                           ;
; EDA Netlist Writer      ; 00:00:05     ; 1.0                     ; 208 MB              ; 00:00:01                           ;
; Total                   ; 00:00:37     ; --                      ; --                  ; 00:00:08                           ;
+-------------------------+--------------+-------------------------+---------------------+------------------------------------+


+------------------------------------------------------------------------------------------+
; Flow OS Summary                                                                          ;
+-------------------------+------------------+---------------+------------+----------------+
; Module Name             ; Machine Hostname ; OS Name       ; OS Version ; Processor type ;
+-------------------------+------------------+---------------+------------+----------------+
; Analysis & Synthesis    ; DESKTOP-C7LQAIP  ; Windows Vista ; 6.2        ; x86_64         ;
; Fitter                  ; DESKTOP-C7LQAIP  ; Windows Vista ; 6.2        ; x86_64         ;
; Assembler               ; DESKTOP-C7LQAIP  ; Windows Vista ; 6.2        ; x86_64         ;
; Classic Timing Analyzer ; DESKTOP-C7LQAIP  ; Windows Vista ; 6.2        ; x86_64         ;
; EDA Netlist Writer      ; DESKTOP-C7LQAIP  ; Windows Vista ; 6.2        ; x86_64         ;
+-------------------------+------------------+---------------+------------+----------------+


------------
; Flow Log ;
------------
quartus_map --read_settings_files=on --write_settings_files=off cla16 -c cla16
quartus_fit --read_settings_files=off --write_settings_files=off cla16 -c cla16
quartus_asm --read_settings_files=off --write_settings_files=off cla16 -c cla16
quartus_tan --read_settings_files=off --write_settings_files=off cla16 -c cla16 --timing_analysis_only
quartus_eda --read_settings_files=off --write_settings_files=off cla16 -c cla16



