Classic Timing Analyzer report for gates
Wed Apr 04 15:29:18 2018
Quartus II Version 9.1 Build 350 03/24/2010 Service Pack 2 SJ Web Edition


---------------------
; Table of Contents ;
---------------------
  1. Legal Notice
  2. Timing Analyzer Summary
  3. Timing Analyzer Settings
  4. Parallel Compilation
  5. tpd
  6. Timing Analyzer Messages



----------------
; Legal Notice ;
----------------
Copyright (C) 1991-2010 Altera Corporation
Your use of Altera Corporation's design tools, logic functions 
and other software and tools, and its AMPP partner logic 
functions, and any output files from any of the foregoing 
(including device programming or simulation files), and any 
associated documentation or information are expressly subject 
to the terms and conditions of the Altera Program License 
Subscription Agreement, Altera MegaCore Function License 
Agreement, or other applicable license agreement, including, 
without limitation, that your use is for the sole purpose of 
programming logic devices manufactured by Altera and sold by 
Altera or its authorized distributors.  Please refer to the 
applicable agreement for further details.



+--------------------------------------------------------------------------------------------------------------------------+
; Timing Analyzer Summary                                                                                                  ;
+------------------------------+-------+---------------+-------------+------+-------+------------+----------+--------------+
; Type                         ; Slack ; Required Time ; Actual Time ; From ; To    ; From Clock ; To Clock ; Failed Paths ;
+------------------------------+-------+---------------+-------------+------+-------+------------+----------+--------------+
; Worst-case tpd               ; N/A   ; None          ; 11.958 ns   ; b[0] ; y2[0] ; --         ; --       ; 0            ;
; Total number of failed paths ;       ;               ;             ;      ;       ;            ;          ; 0            ;
+------------------------------+-------+---------------+-------------+------+-------+------------+----------+--------------+


+-----------------------------------------------------------------------------------------------------------------------------------------------------+
; Timing Analyzer Settings                                                                                                                            ;
+------------------------------------------------------------------------------------------------------+--------------------+------+----+-------------+
; Option                                                                                               ; Setting            ; From ; To ; Entity Name ;
+------------------------------------------------------------------------------------------------------+--------------------+------+----+-------------+
; Device Name                                                                                          ; EP2C5T144C6        ;      ;    ;             ;
; Timing Models                                                                                        ; Final              ;      ;    ;             ;
; Default hold multicycle                                                                              ; Same as Multicycle ;      ;    ;             ;
; Cut paths between unrelated clock domains                                                            ; On                 ;      ;    ;             ;
; Cut off read during write signal paths                                                               ; On                 ;      ;    ;             ;
; Cut off feedback from I/O pins                                                                       ; On                 ;      ;    ;             ;
; Report Combined Fast/Slow Timing                                                                     ; Off                ;      ;    ;             ;
; Ignore Clock Settings                                                                                ; Off                ;      ;    ;             ;
; Analyze latches as synchronous elements                                                              ; On                 ;      ;    ;             ;
; Enable Recovery/Removal analysis                                                                     ; Off                ;      ;    ;             ;
; Enable Clock Latency                                                                                 ; Off                ;      ;    ;             ;
; Use TimeQuest Timing Analyzer                                                                        ; Off                ;      ;    ;             ;
; Minimum Core Junction Temperature                                                                    ; 0                  ;      ;    ;             ;
; Maximum Core Junction Temperature                                                                    ; 85                 ;      ;    ;             ;
; Number of source nodes to report per destination node                                                ; 10                 ;      ;    ;             ;
; Number of destination nodes to report                                                                ; 10                 ;      ;    ;             ;
; Number of paths to report                                                                            ; 200                ;      ;    ;             ;
; Report Minimum Timing Checks                                                                         ; Off                ;      ;    ;             ;
; Use Fast Timing Models                                                                               ; Off                ;      ;    ;             ;
; Report IO Paths Separately                                                                           ; Off                ;      ;    ;             ;
; Perform Multicorner Analysis                                                                         ; On                 ;      ;    ;             ;
; Reports the worst-case path for each clock domain and analysis                                       ; Off                ;      ;    ;             ;
; Reports worst-case timing paths for each clock domain and analysis                                   ; On                 ;      ;    ;             ;
; Specifies the maximum number of worst-case timing paths to report for each clock domain and analysis ; 100                ;      ;    ;             ;
; Removes common clock path pessimism (CCPP) during slack computation                                  ; Off                ;      ;    ;             ;
; Output I/O Timing Endpoint                                                                           ; Near End           ;      ;    ;             ;
+------------------------------------------------------------------------------------------------------+--------------------+------+----+-------------+


Parallel compilation was disabled, but you have multiple processors available. Enable parallel compilation to reduce compilation time.
+-------------------------------------+
; Parallel Compilation                ;
+----------------------------+--------+
; Processors                 ; Number ;
+----------------------------+--------+
; Number detected on machine ; 4      ;
; Maximum allowed            ; 1      ;
+----------------------------+--------+


+------------------------------------------------------------+
; tpd                                                        ;
+-------+-------------------+-----------------+------+-------+
; Slack ; Required P2P Time ; Actual P2P Time ; From ; To    ;
+-------+-------------------+-----------------+------+-------+
; N/A   ; None              ; 11.958 ns       ; b[0] ; y2[0] ;
; N/A   ; None              ; 11.671 ns       ; a[0] ; y2[0] ;
; N/A   ; None              ; 10.563 ns       ; a[1] ; y2[1] ;
; N/A   ; None              ; 10.523 ns       ; b[0] ; y5[0] ;
; N/A   ; None              ; 10.307 ns       ; b[0] ; y1[0] ;
; N/A   ; None              ; 10.236 ns       ; a[0] ; y5[0] ;
; N/A   ; None              ; 10.229 ns       ; b[1] ; y2[1] ;
; N/A   ; None              ; 10.112 ns       ; b[0] ; y3[0] ;
; N/A   ; None              ; 10.088 ns       ; a[1] ; y4[1] ;
; N/A   ; None              ; 10.086 ns       ; a[1] ; y5[1] ;
; N/A   ; None              ; 10.081 ns       ; a[1] ; y1[1] ;
; N/A   ; None              ; 10.051 ns       ; a[0] ; y1[0] ;
; N/A   ; None              ; 9.831 ns        ; a[1] ; y3[1] ;
; N/A   ; None              ; 9.827 ns        ; a[0] ; y3[0] ;
; N/A   ; None              ; 9.780 ns        ; b[1] ; y4[1] ;
; N/A   ; None              ; 9.773 ns        ; b[1] ; y1[1] ;
; N/A   ; None              ; 9.752 ns        ; b[1] ; y5[1] ;
; N/A   ; None              ; 9.588 ns        ; b[0] ; y4[0] ;
; N/A   ; None              ; 9.498 ns        ; b[1] ; y3[1] ;
; N/A   ; None              ; 9.332 ns        ; a[0] ; y4[0] ;
; N/A   ; None              ; 7.143 ns        ; a[3] ; y5[3] ;
; N/A   ; None              ; 7.143 ns        ; a[3] ; y2[3] ;
; N/A   ; None              ; 6.876 ns        ; b[3] ; y5[3] ;
; N/A   ; None              ; 6.876 ns        ; b[3] ; y2[3] ;
; N/A   ; None              ; 6.404 ns        ; a[3] ; y3[3] ;
; N/A   ; None              ; 6.386 ns        ; a[3] ; y1[3] ;
; N/A   ; None              ; 6.164 ns        ; a[3] ; y4[3] ;
; N/A   ; None              ; 6.146 ns        ; b[3] ; y1[3] ;
; N/A   ; None              ; 6.137 ns        ; b[3] ; y3[3] ;
; N/A   ; None              ; 5.992 ns        ; a[2] ; y5[2] ;
; N/A   ; None              ; 5.992 ns        ; a[2] ; y2[2] ;
; N/A   ; None              ; 5.924 ns        ; b[3] ; y4[3] ;
; N/A   ; None              ; 5.790 ns        ; a[2] ; y3[2] ;
; N/A   ; None              ; 5.779 ns        ; a[2] ; y4[2] ;
; N/A   ; None              ; 5.779 ns        ; a[2] ; y1[2] ;
; N/A   ; None              ; 5.771 ns        ; b[2] ; y5[2] ;
; N/A   ; None              ; 5.771 ns        ; b[2] ; y2[2] ;
; N/A   ; None              ; 5.599 ns        ; b[2] ; y3[2] ;
; N/A   ; None              ; 5.587 ns        ; b[2] ; y4[2] ;
; N/A   ; None              ; 5.587 ns        ; b[2] ; y1[2] ;
+-------+-------------------+-----------------+------+-------+


+--------------------------+
; Timing Analyzer Messages ;
+--------------------------+
Info: *******************************************************************
Info: Running Quartus II Classic Timing Analyzer
    Info: Version 9.1 Build 350 03/24/2010 Service Pack 2 SJ Web Edition
    Info: Processing started: Wed Apr 04 15:29:18 2018
Info: Command: quartus_tan --read_settings_files=off --write_settings_files=off gates -c gates --timing_analysis_only
Info: Longest tpd from source pin "b[0]" to destination pin "y2[0]" is 11.958 ns
    Info: 1: + IC(0.000 ns) + CELL(0.862 ns) = 0.862 ns; Loc. = PIN_30; Fanout = 3; PIN Node = 'b[0]'
    Info: 2: + IC(4.714 ns) + CELL(0.420 ns) = 5.996 ns; Loc. = LCCOMB_X2_Y2_N18; Fanout = 2; COMB Node = 'y2~0'
    Info: 3: + IC(3.164 ns) + CELL(2.798 ns) = 11.958 ns; Loc. = PIN_115; Fanout = 0; PIN Node = 'y2[0]'
    Info: Total cell delay = 4.080 ns ( 34.12 % )
    Info: Total interconnect delay = 7.878 ns ( 65.88 % )
Info: Quartus II Classic Timing Analyzer was successful. 0 errors, 0 warnings
    Info: Peak virtual memory: 165 megabytes
    Info: Processing ended: Wed Apr 04 15:29:19 2018
    Info: Elapsed time: 00:00:01
    Info: Total CPU time (on all processors): 00:00:00


