Classic Timing Analyzer report for vuaparalela
Thu Jun 07 16:25:10 2018
Quartus II Version 9.1 Build 350 03/24/2010 Service Pack 2 SJ Web Edition


---------------------
; Table of Contents ;
---------------------
  1. Legal Notice
  2. Timing Analyzer Summary
  3. Timing Analyzer Settings
  4. Parallel Compilation
  5. tpd
  6. Timing Analyzer Messages



----------------
; Legal Notice ;
----------------
Copyright (C) 1991-2010 Altera Corporation
Your use of Altera Corporation's design tools, logic functions 
and other software and tools, and its AMPP partner logic 
functions, and any output files from any of the foregoing 
(including device programming or simulation files), and any 
associated documentation or information are expressly subject 
to the terms and conditions of the Altera Program License 
Subscription Agreement, Altera MegaCore Function License 
Agreement, or other applicable license agreement, including, 
without limitation, that your use is for the sole purpose of 
programming logic devices manufactured by Altera and sold by 
Altera or its authorized distributors.  Please refer to the 
applicable agreement for further details.



+-------------------------------------------------------------------------------------------------------------------------+
; Timing Analyzer Summary                                                                                                 ;
+------------------------------+-------+---------------+-------------+------+------+------------+----------+--------------+
; Type                         ; Slack ; Required Time ; Actual Time ; From ; To   ; From Clock ; To Clock ; Failed Paths ;
+------------------------------+-------+---------------+-------------+------+------+------------+----------+--------------+
; Worst-case tpd               ; N/A   ; None          ; 10.441 ns   ; g[2] ; c[3] ; --         ; --       ; 0            ;
; Total number of failed paths ;       ;               ;             ;      ;      ;            ;          ; 0            ;
+------------------------------+-------+---------------+-------------+------+------+------------+----------+--------------+


+-----------------------------------------------------------------------------------------------------------------------------------------------------+
; Timing Analyzer Settings                                                                                                                            ;
+------------------------------------------------------------------------------------------------------+--------------------+------+----+-------------+
; Option                                                                                               ; Setting            ; From ; To ; Entity Name ;
+------------------------------------------------------------------------------------------------------+--------------------+------+----+-------------+
; Device Name                                                                                          ; EP2C5T144C6        ;      ;    ;             ;
; Timing Models                                                                                        ; Final              ;      ;    ;             ;
; Default hold multicycle                                                                              ; Same as Multicycle ;      ;    ;             ;
; Cut paths between unrelated clock domains                                                            ; On                 ;      ;    ;             ;
; Cut off read during write signal paths                                                               ; On                 ;      ;    ;             ;
; Cut off feedback from I/O pins                                                                       ; On                 ;      ;    ;             ;
; Report Combined Fast/Slow Timing                                                                     ; Off                ;      ;    ;             ;
; Ignore Clock Settings                                                                                ; Off                ;      ;    ;             ;
; Analyze latches as synchronous elements                                                              ; On                 ;      ;    ;             ;
; Enable Recovery/Removal analysis                                                                     ; Off                ;      ;    ;             ;
; Enable Clock Latency                                                                                 ; Off                ;      ;    ;             ;
; Use TimeQuest Timing Analyzer                                                                        ; Off                ;      ;    ;             ;
; Minimum Core Junction Temperature                                                                    ; 0                  ;      ;    ;             ;
; Maximum Core Junction Temperature                                                                    ; 85                 ;      ;    ;             ;
; Number of source nodes to report per destination node                                                ; 10                 ;      ;    ;             ;
; Number of destination nodes to report                                                                ; 10                 ;      ;    ;             ;
; Number of paths to report                                                                            ; 200                ;      ;    ;             ;
; Report Minimum Timing Checks                                                                         ; Off                ;      ;    ;             ;
; Use Fast Timing Models                                                                               ; Off                ;      ;    ;             ;
; Report IO Paths Separately                                                                           ; Off                ;      ;    ;             ;
; Perform Multicorner Analysis                                                                         ; On                 ;      ;    ;             ;
; Reports the worst-case path for each clock domain and analysis                                       ; Off                ;      ;    ;             ;
; Reports worst-case timing paths for each clock domain and analysis                                   ; On                 ;      ;    ;             ;
; Specifies the maximum number of worst-case timing paths to report for each clock domain and analysis ; 100                ;      ;    ;             ;
; Removes common clock path pessimism (CCPP) during slack computation                                  ; Off                ;      ;    ;             ;
; Output I/O Timing Endpoint                                                                           ; Near End           ;      ;    ;             ;
+------------------------------------------------------------------------------------------------------+--------------------+------+----+-------------+


Parallel compilation was disabled, but you have multiple processors available. Enable parallel compilation to reduce compilation time.
+-------------------------------------+
; Parallel Compilation                ;
+----------------------------+--------+
; Processors                 ; Number ;
+----------------------------+--------+
; Number detected on machine ; 4      ;
; Maximum allowed            ; 1      ;
+----------------------------+--------+


+-----------------------------------------------------------+
; tpd                                                       ;
+-------+-------------------+-----------------+------+------+
; Slack ; Required P2P Time ; Actual P2P Time ; From ; To   ;
+-------+-------------------+-----------------+------+------+
; N/A   ; None              ; 10.441 ns       ; g[2] ; c[3] ;
; N/A   ; None              ; 10.430 ns       ; g[1] ; c[3] ;
; N/A   ; None              ; 10.166 ns       ; g[1] ; gg   ;
; N/A   ; None              ; 10.109 ns       ; cin  ; c[3] ;
; N/A   ; None              ; 10.074 ns       ; g[3] ; gg   ;
; N/A   ; None              ; 9.834 ns        ; g[0] ; gg   ;
; N/A   ; None              ; 9.832 ns        ; g[0] ; c[3] ;
; N/A   ; None              ; 9.816 ns        ; g[2] ; gg   ;
; N/A   ; None              ; 9.568 ns        ; cin  ; c[2] ;
; N/A   ; None              ; 9.196 ns        ; cin  ; c[1] ;
; N/A   ; None              ; 9.015 ns        ; g[1] ; c[2] ;
; N/A   ; None              ; 8.919 ns        ; g[0] ; c[1] ;
; N/A   ; None              ; 8.896 ns        ; g[0] ; c[2] ;
; N/A   ; None              ; 6.384 ns        ; p[2] ; c[3] ;
; N/A   ; None              ; 5.981 ns        ; p[0] ; c[3] ;
; N/A   ; None              ; 5.970 ns        ; p[2] ; gg   ;
; N/A   ; None              ; 5.847 ns        ; p[1] ; gg   ;
; N/A   ; None              ; 5.721 ns        ; p[1] ; c[3] ;
; N/A   ; None              ; 5.716 ns        ; p[3] ; gg   ;
; N/A   ; None              ; 5.580 ns        ; p[1] ; c[2] ;
; N/A   ; None              ; 5.434 ns        ; p[0] ; c[2] ;
; N/A   ; None              ; 5.165 ns        ; p[1] ; pg   ;
; N/A   ; None              ; 5.162 ns        ; p[2] ; pg   ;
; N/A   ; None              ; 5.068 ns        ; p[0] ; c[1] ;
; N/A   ; None              ; 5.052 ns        ; p[0] ; pg   ;
; N/A   ; None              ; 4.901 ns        ; p[3] ; pg   ;
+-------+-------------------+-----------------+------+------+


+--------------------------+
; Timing Analyzer Messages ;
+--------------------------+
Info: *******************************************************************
Info: Running Quartus II Classic Timing Analyzer
    Info: Version 9.1 Build 350 03/24/2010 Service Pack 2 SJ Web Edition
    Info: Processing started: Thu Jun 07 16:25:10 2018
Info: Command: quartus_tan --read_settings_files=off --write_settings_files=off vuaparalela -c vuaparalela --timing_analysis_only
Info: Longest tpd from source pin "g[2]" to destination pin "c[3]" is 10.441 ns
    Info: 1: + IC(0.000 ns) + CELL(0.852 ns) = 0.852 ns; Loc. = PIN_8; Fanout = 2; PIN Node = 'g[2]'
    Info: 2: + IC(5.035 ns) + CELL(0.245 ns) = 6.132 ns; Loc. = LCCOMB_X1_Y5_N28; Fanout = 1; COMB Node = 'c~3'
    Info: 3: + IC(0.248 ns) + CELL(0.420 ns) = 6.800 ns; Loc. = LCCOMB_X1_Y5_N22; Fanout = 1; COMB Node = 'c~4'
    Info: 4: + IC(0.999 ns) + CELL(2.642 ns) = 10.441 ns; Loc. = PIN_9; Fanout = 0; PIN Node = 'c[3]'
    Info: Total cell delay = 4.159 ns ( 39.83 % )
    Info: Total interconnect delay = 6.282 ns ( 60.17 % )
Info: Quartus II Classic Timing Analyzer was successful. 0 errors, 0 warnings
    Info: Peak virtual memory: 165 megabytes
    Info: Processing ended: Thu Jun 07 16:25:10 2018
    Info: Elapsed time: 00:00:00
    Info: Total CPU time (on all processors): 00:00:00


