Classic Timing Analyzer report for latch1
Thu May 03 17:23:06 2018
Quartus II Version 9.1 Build 350 03/24/2010 Service Pack 2 SJ Web Edition


---------------------
; Table of Contents ;
---------------------
  1. Legal Notice
  2. Timing Analyzer Summary
  3. Timing Analyzer Settings
  4. Clock Settings Summary
  5. Parallel Compilation
  6. tsu
  7. tco
  8. th
  9. Timing Analyzer Messages



----------------
; Legal Notice ;
----------------
Copyright (C) 1991-2010 Altera Corporation
Your use of Altera Corporation's design tools, logic functions 
and other software and tools, and its AMPP partner logic 
functions, and any output files from any of the foregoing 
(including device programming or simulation files), and any 
associated documentation or information are expressly subject 
to the terms and conditions of the Altera Program License 
Subscription Agreement, Altera MegaCore Function License 
Agreement, or other applicable license agreement, including, 
without limitation, that your use is for the sole purpose of 
programming logic devices manufactured by Altera and sold by 
Altera or its authorized distributors.  Please refer to the 
applicable agreement for further details.



+-------------------------------------------------------------------------------------------------------------------------------------+
; Timing Analyzer Summary                                                                                                             ;
+------------------------------+-------+---------------+-------------+------------+------------+------------+----------+--------------+
; Type                         ; Slack ; Required Time ; Actual Time ; From       ; To         ; From Clock ; To Clock ; Failed Paths ;
+------------------------------+-------+---------------+-------------+------------+------------+------------+----------+--------------+
; Worst-case tsu               ; N/A   ; None          ; 5.038 ns    ; d[0]       ; q[0]$latch ; --         ; clk      ; 0            ;
; Worst-case tco               ; N/A   ; None          ; 6.091 ns    ; q[3]$latch ; q[3]       ; clk        ; --       ; 0            ;
; Worst-case th                ; N/A   ; None          ; 0.623 ns    ; d[3]       ; q[3]$latch ; --         ; clk      ; 0            ;
; Total number of failed paths ;       ;               ;             ;            ;            ;            ;          ; 0            ;
+------------------------------+-------+---------------+-------------+------------+------------+------------+----------+--------------+


+-----------------------------------------------------------------------------------------------------------------------------------------------------+
; Timing Analyzer Settings                                                                                                                            ;
+------------------------------------------------------------------------------------------------------+--------------------+------+----+-------------+
; Option                                                                                               ; Setting            ; From ; To ; Entity Name ;
+------------------------------------------------------------------------------------------------------+--------------------+------+----+-------------+
; Device Name                                                                                          ; EP2C5T144C6        ;      ;    ;             ;
; Timing Models                                                                                        ; Final              ;      ;    ;             ;
; Default hold multicycle                                                                              ; Same as Multicycle ;      ;    ;             ;
; Cut paths between unrelated clock domains                                                            ; On                 ;      ;    ;             ;
; Cut off read during write signal paths                                                               ; On                 ;      ;    ;             ;
; Cut off feedback from I/O pins                                                                       ; On                 ;      ;    ;             ;
; Report Combined Fast/Slow Timing                                                                     ; Off                ;      ;    ;             ;
; Ignore Clock Settings                                                                                ; Off                ;      ;    ;             ;
; Analyze latches as synchronous elements                                                              ; On                 ;      ;    ;             ;
; Enable Recovery/Removal analysis                                                                     ; Off                ;      ;    ;             ;
; Enable Clock Latency                                                                                 ; Off                ;      ;    ;             ;
; Use TimeQuest Timing Analyzer                                                                        ; Off                ;      ;    ;             ;
; Minimum Core Junction Temperature                                                                    ; 0                  ;      ;    ;             ;
; Maximum Core Junction Temperature                                                                    ; 85                 ;      ;    ;             ;
; Number of source nodes to report per destination node                                                ; 10                 ;      ;    ;             ;
; Number of destination nodes to report                                                                ; 10                 ;      ;    ;             ;
; Number of paths to report                                                                            ; 200                ;      ;    ;             ;
; Report Minimum Timing Checks                                                                         ; Off                ;      ;    ;             ;
; Use Fast Timing Models                                                                               ; Off                ;      ;    ;             ;
; Report IO Paths Separately                                                                           ; Off                ;      ;    ;             ;
; Perform Multicorner Analysis                                                                         ; On                 ;      ;    ;             ;
; Reports the worst-case path for each clock domain and analysis                                       ; Off                ;      ;    ;             ;
; Reports worst-case timing paths for each clock domain and analysis                                   ; On                 ;      ;    ;             ;
; Specifies the maximum number of worst-case timing paths to report for each clock domain and analysis ; 100                ;      ;    ;             ;
; Removes common clock path pessimism (CCPP) during slack computation                                  ; Off                ;      ;    ;             ;
; Output I/O Timing Endpoint                                                                           ; Near End           ;      ;    ;             ;
+------------------------------------------------------------------------------------------------------+--------------------+------+----+-------------+


+------------------------------------------------------------------------------------------------------------------------------------------------------------------------------------+
; Clock Settings Summary                                                                                                                                                             ;
+-----------------+--------------------+----------+------------------+---------------+--------------+----------+-----------------------+---------------------+--------+--------------+
; Clock Node Name ; Clock Setting Name ; Type     ; Fmax Requirement ; Early Latency ; Late Latency ; Based on ; Multiply Base Fmax by ; Divide Base Fmax by ; Offset ; Phase offset ;
+-----------------+--------------------+----------+------------------+---------------+--------------+----------+-----------------------+---------------------+--------+--------------+
; clk             ;                    ; User Pin ; None             ; 0.000 ns      ; 0.000 ns     ; --       ; N/A                   ; N/A                 ; N/A    ;              ;
+-----------------+--------------------+----------+------------------+---------------+--------------+----------+-----------------------+---------------------+--------+--------------+


Parallel compilation was disabled, but you have multiple processors available. Enable parallel compilation to reduce compilation time.
+-------------------------------------+
; Parallel Compilation                ;
+----------------------------+--------+
; Processors                 ; Number ;
+----------------------------+--------+
; Number detected on machine ; 4      ;
; Maximum allowed            ; 1      ;
+----------------------------+--------+


+------------------------------------------------------------------+
; tsu                                                              ;
+-------+--------------+------------+------+------------+----------+
; Slack ; Required tsu ; Actual tsu ; From ; To         ; To Clock ;
+-------+--------------+------------+------+------------+----------+
; N/A   ; None         ; 5.038 ns   ; d[0] ; q[0]$latch ; clk      ;
; N/A   ; None         ; 0.576 ns   ; d[1] ; q[1]$latch ; clk      ;
; N/A   ; None         ; 0.561 ns   ; d[2] ; q[2]$latch ; clk      ;
; N/A   ; None         ; 0.045 ns   ; d[3] ; q[3]$latch ; clk      ;
+-------+--------------+------------+------+------------+----------+


+--------------------------------------------------------------------+
; tco                                                                ;
+-------+--------------+------------+------------+------+------------+
; Slack ; Required tco ; Actual tco ; From       ; To   ; From Clock ;
+-------+--------------+------------+------------+------+------------+
; N/A   ; None         ; 6.091 ns   ; q[3]$latch ; q[3] ; clk        ;
; N/A   ; None         ; 5.987 ns   ; q[0]$latch ; q[0] ; clk        ;
; N/A   ; None         ; 5.863 ns   ; q[1]$latch ; q[1] ; clk        ;
; N/A   ; None         ; 5.688 ns   ; q[2]$latch ; q[2] ; clk        ;
+-------+--------------+------------+------------+------+------------+


+------------------------------------------------------------------------+
; th                                                                     ;
+---------------+-------------+-----------+------+------------+----------+
; Minimum Slack ; Required th ; Actual th ; From ; To         ; To Clock ;
+---------------+-------------+-----------+------+------------+----------+
; N/A           ; None        ; 0.623 ns  ; d[3] ; q[3]$latch ; clk      ;
; N/A           ; None        ; 0.107 ns  ; d[2] ; q[2]$latch ; clk      ;
; N/A           ; None        ; 0.099 ns  ; d[1] ; q[1]$latch ; clk      ;
; N/A           ; None        ; -4.362 ns ; d[0] ; q[0]$latch ; clk      ;
+---------------+-------------+-----------+------+------------+----------+


+--------------------------+
; Timing Analyzer Messages ;
+--------------------------+
Info: *******************************************************************
Info: Running Quartus II Classic Timing Analyzer
    Info: Version 9.1 Build 350 03/24/2010 Service Pack 2 SJ Web Edition
    Info: Processing started: Thu May 03 17:23:05 2018
Info: Command: quartus_tan --read_settings_files=off --write_settings_files=off latch1 -c latch1 --timing_analysis_only
Warning: Timing Analysis is analyzing one or more combinational loops as latches
    Warning: Node "q[0]$latch" is a latch
    Warning: Node "q[1]$latch" is a latch
    Warning: Node "q[2]$latch" is a latch
    Warning: Node "q[3]$latch" is a latch
Warning: Found pins functioning as undefined clocks and/or memory enables
    Info: Assuming node "clk" is a latch enable. Will not compute fmax for this pin.
Info: tsu for register "q[0]$latch" (data pin = "d[0]", clock pin = "clk") is 5.038 ns
    Info: + Longest pin to register delay is 6.640 ns
        Info: 1: + IC(0.000 ns) + CELL(0.830 ns) = 0.830 ns; Loc. = PIN_55; Fanout = 1; PIN Node = 'd[0]'
        Info: 2: + IC(5.372 ns) + CELL(0.438 ns) = 6.640 ns; Loc. = LCCOMB_X12_Y5_N16; Fanout = 1; REG Node = 'q[0]$latch'
        Info: Total cell delay = 1.268 ns ( 19.10 % )
        Info: Total interconnect delay = 5.372 ns ( 80.90 % )
    Info: + Micro setup delay of destination is 0.676 ns
    Info: - Shortest clock path from clock "clk" to destination register is 2.278 ns
        Info: 1: + IC(0.000 ns) + CELL(0.989 ns) = 0.989 ns; Loc. = PIN_17; Fanout = 1; CLK Node = 'clk'
        Info: 2: + IC(0.122 ns) + CELL(0.000 ns) = 1.111 ns; Loc. = CLKCTRL_G2; Fanout = 4; COMB Node = 'clk~clkctrl'
        Info: 3: + IC(1.017 ns) + CELL(0.150 ns) = 2.278 ns; Loc. = LCCOMB_X12_Y5_N16; Fanout = 1; REG Node = 'q[0]$latch'
        Info: Total cell delay = 1.139 ns ( 50.00 % )
        Info: Total interconnect delay = 1.139 ns ( 50.00 % )
Info: tco from clock "clk" to destination pin "q[3]" through register "q[3]$latch" is 6.091 ns
    Info: + Longest clock path from clock "clk" to source register is 2.386 ns
        Info: 1: + IC(0.000 ns) + CELL(0.989 ns) = 0.989 ns; Loc. = PIN_17; Fanout = 1; CLK Node = 'clk'
        Info: 2: + IC(0.122 ns) + CELL(0.000 ns) = 1.111 ns; Loc. = CLKCTRL_G2; Fanout = 4; COMB Node = 'clk~clkctrl'
        Info: 3: + IC(1.000 ns) + CELL(0.275 ns) = 2.386 ns; Loc. = LCCOMB_X1_Y6_N0; Fanout = 1; REG Node = 'q[3]$latch'
        Info: Total cell delay = 1.264 ns ( 52.98 % )
        Info: Total interconnect delay = 1.122 ns ( 47.02 % )
    Info: + Micro clock to output delay of source is 0.000 ns
    Info: + Longest register to pin delay is 3.705 ns
        Info: 1: + IC(0.000 ns) + CELL(0.000 ns) = 0.000 ns; Loc. = LCCOMB_X1_Y6_N0; Fanout = 1; REG Node = 'q[3]$latch'
        Info: 2: + IC(1.063 ns) + CELL(2.642 ns) = 3.705 ns; Loc. = PIN_7; Fanout = 0; PIN Node = 'q[3]'
        Info: Total cell delay = 2.642 ns ( 71.31 % )
        Info: Total interconnect delay = 1.063 ns ( 28.69 % )
Info: th for register "q[3]$latch" (data pin = "d[3]", clock pin = "clk") is 0.623 ns
    Info: + Longest clock path from clock "clk" to destination register is 2.386 ns
        Info: 1: + IC(0.000 ns) + CELL(0.989 ns) = 0.989 ns; Loc. = PIN_17; Fanout = 1; CLK Node = 'clk'
        Info: 2: + IC(0.122 ns) + CELL(0.000 ns) = 1.111 ns; Loc. = CLKCTRL_G2; Fanout = 4; COMB Node = 'clk~clkctrl'
        Info: 3: + IC(1.000 ns) + CELL(0.275 ns) = 2.386 ns; Loc. = LCCOMB_X1_Y6_N0; Fanout = 1; REG Node = 'q[3]$latch'
        Info: Total cell delay = 1.264 ns ( 52.98 % )
        Info: Total interconnect delay = 1.122 ns ( 47.02 % )
    Info: + Micro hold delay of destination is 0.000 ns
    Info: - Shortest pin to register delay is 1.763 ns
        Info: 1: + IC(0.000 ns) + CELL(0.989 ns) = 0.989 ns; Loc. = PIN_22; Fanout = 1; PIN Node = 'd[3]'
        Info: 2: + IC(0.355 ns) + CELL(0.419 ns) = 1.763 ns; Loc. = LCCOMB_X1_Y6_N0; Fanout = 1; REG Node = 'q[3]$latch'
        Info: Total cell delay = 1.408 ns ( 79.86 % )
        Info: Total interconnect delay = 0.355 ns ( 20.14 % )
Info: Quartus II Classic Timing Analyzer was successful. 0 errors, 6 warnings
    Info: Peak virtual memory: 241 megabytes
    Info: Processing ended: Thu May 03 17:23:07 2018
    Info: Elapsed time: 00:00:02
    Info: Total CPU time (on all processors): 00:00:00


