Classic Timing Analyzer report for flopenr
Fri Apr 27 13:12:04 2018
Quartus II Version 9.1 Build 350 03/24/2010 Service Pack 2 SJ Web Edition


---------------------
; Table of Contents ;
---------------------
  1. Legal Notice
  2. Timing Analyzer Summary
  3. Timing Analyzer Settings
  4. Clock Settings Summary
  5. Parallel Compilation
  6. tsu
  7. tco
  8. th
  9. Timing Analyzer Messages



----------------
; Legal Notice ;
----------------
Copyright (C) 1991-2010 Altera Corporation
Your use of Altera Corporation's design tools, logic functions 
and other software and tools, and its AMPP partner logic 
functions, and any output files from any of the foregoing 
(including device programming or simulation files), and any 
associated documentation or information are expressly subject 
to the terms and conditions of the Altera Program License 
Subscription Agreement, Altera MegaCore Function License 
Agreement, or other applicable license agreement, including, 
without limitation, that your use is for the sole purpose of 
programming logic devices manufactured by Altera and sold by 
Altera or its authorized distributors.  Please refer to the 
applicable agreement for further details.



+-----------------------------------------------------------------------------------------------------------------------------------+
; Timing Analyzer Summary                                                                                                           ;
+------------------------------+-------+---------------+-------------+-----------+-----------+------------+----------+--------------+
; Type                         ; Slack ; Required Time ; Actual Time ; From      ; To        ; From Clock ; To Clock ; Failed Paths ;
+------------------------------+-------+---------------+-------------+-----------+-----------+------------+----------+--------------+
; Worst-case tsu               ; N/A   ; None          ; 4.073 ns    ; d[3]      ; q[3]~reg0 ; --         ; clk      ; 0            ;
; Worst-case tco               ; N/A   ; None          ; 6.342 ns    ; q[3]~reg0 ; q[3]      ; clk        ; --       ; 0            ;
; Worst-case th                ; N/A   ; None          ; 0.391 ns    ; d[1]      ; q[1]~reg0 ; --         ; clk      ; 0            ;
; Total number of failed paths ;       ;               ;             ;           ;           ;            ;          ; 0            ;
+------------------------------+-------+---------------+-------------+-----------+-----------+------------+----------+--------------+


+-----------------------------------------------------------------------------------------------------------------------------------------------------+
; Timing Analyzer Settings                                                                                                                            ;
+------------------------------------------------------------------------------------------------------+--------------------+------+----+-------------+
; Option                                                                                               ; Setting            ; From ; To ; Entity Name ;
+------------------------------------------------------------------------------------------------------+--------------------+------+----+-------------+
; Device Name                                                                                          ; EP2C5T144C6        ;      ;    ;             ;
; Timing Models                                                                                        ; Final              ;      ;    ;             ;
; Default hold multicycle                                                                              ; Same as Multicycle ;      ;    ;             ;
; Cut paths between unrelated clock domains                                                            ; On                 ;      ;    ;             ;
; Cut off read during write signal paths                                                               ; On                 ;      ;    ;             ;
; Cut off feedback from I/O pins                                                                       ; On                 ;      ;    ;             ;
; Report Combined Fast/Slow Timing                                                                     ; Off                ;      ;    ;             ;
; Ignore Clock Settings                                                                                ; Off                ;      ;    ;             ;
; Analyze latches as synchronous elements                                                              ; On                 ;      ;    ;             ;
; Enable Recovery/Removal analysis                                                                     ; Off                ;      ;    ;             ;
; Enable Clock Latency                                                                                 ; Off                ;      ;    ;             ;
; Use TimeQuest Timing Analyzer                                                                        ; Off                ;      ;    ;             ;
; Minimum Core Junction Temperature                                                                    ; 0                  ;      ;    ;             ;
; Maximum Core Junction Temperature                                                                    ; 85                 ;      ;    ;             ;
; Number of source nodes to report per destination node                                                ; 10                 ;      ;    ;             ;
; Number of destination nodes to report                                                                ; 10                 ;      ;    ;             ;
; Number of paths to report                                                                            ; 200                ;      ;    ;             ;
; Report Minimum Timing Checks                                                                         ; Off                ;      ;    ;             ;
; Use Fast Timing Models                                                                               ; Off                ;      ;    ;             ;
; Report IO Paths Separately                                                                           ; Off                ;      ;    ;             ;
; Perform Multicorner Analysis                                                                         ; On                 ;      ;    ;             ;
; Reports the worst-case path for each clock domain and analysis                                       ; Off                ;      ;    ;             ;
; Reports worst-case timing paths for each clock domain and analysis                                   ; On                 ;      ;    ;             ;
; Specifies the maximum number of worst-case timing paths to report for each clock domain and analysis ; 100                ;      ;    ;             ;
; Removes common clock path pessimism (CCPP) during slack computation                                  ; Off                ;      ;    ;             ;
; Output I/O Timing Endpoint                                                                           ; Near End           ;      ;    ;             ;
+------------------------------------------------------------------------------------------------------+--------------------+------+----+-------------+


+------------------------------------------------------------------------------------------------------------------------------------------------------------------------------------+
; Clock Settings Summary                                                                                                                                                             ;
+-----------------+--------------------+----------+------------------+---------------+--------------+----------+-----------------------+---------------------+--------+--------------+
; Clock Node Name ; Clock Setting Name ; Type     ; Fmax Requirement ; Early Latency ; Late Latency ; Based on ; Multiply Base Fmax by ; Divide Base Fmax by ; Offset ; Phase offset ;
+-----------------+--------------------+----------+------------------+---------------+--------------+----------+-----------------------+---------------------+--------+--------------+
; clk             ;                    ; User Pin ; None             ; 0.000 ns      ; 0.000 ns     ; --       ; N/A                   ; N/A                 ; N/A    ;              ;
+-----------------+--------------------+----------+------------------+---------------+--------------+----------+-----------------------+---------------------+--------+--------------+


Parallel compilation was disabled, but you have multiple processors available. Enable parallel compilation to reduce compilation time.
+-------------------------------------+
; Parallel Compilation                ;
+----------------------------+--------+
; Processors                 ; Number ;
+----------------------------+--------+
; Number detected on machine ; 4      ;
; Maximum allowed            ; 1      ;
+----------------------------+--------+


+-----------------------------------------------------------------+
; tsu                                                             ;
+-------+--------------+------------+------+-----------+----------+
; Slack ; Required tsu ; Actual tsu ; From ; To        ; To Clock ;
+-------+--------------+------------+------+-----------+----------+
; N/A   ; None         ; 4.073 ns   ; d[3] ; q[3]~reg0 ; clk      ;
; N/A   ; None         ; 3.666 ns   ; d[2] ; q[2]~reg0 ; clk      ;
; N/A   ; None         ; 3.399 ns   ; d[0] ; q[0]~reg0 ; clk      ;
; N/A   ; None         ; 0.115 ns   ; en   ; q[0]~reg0 ; clk      ;
; N/A   ; None         ; 0.115 ns   ; en   ; q[1]~reg0 ; clk      ;
; N/A   ; None         ; 0.115 ns   ; en   ; q[2]~reg0 ; clk      ;
; N/A   ; None         ; 0.115 ns   ; en   ; q[3]~reg0 ; clk      ;
; N/A   ; None         ; -0.161 ns  ; d[1] ; q[1]~reg0 ; clk      ;
+-------+--------------+------------+------+-----------+----------+


+-------------------------------------------------------------------+
; tco                                                               ;
+-------+--------------+------------+-----------+------+------------+
; Slack ; Required tco ; Actual tco ; From      ; To   ; From Clock ;
+-------+--------------+------------+-----------+------+------------+
; N/A   ; None         ; 6.342 ns   ; q[3]~reg0 ; q[3] ; clk        ;
; N/A   ; None         ; 6.249 ns   ; q[1]~reg0 ; q[1] ; clk        ;
; N/A   ; None         ; 6.247 ns   ; q[2]~reg0 ; q[2] ; clk        ;
; N/A   ; None         ; 6.123 ns   ; q[0]~reg0 ; q[0] ; clk        ;
+-------+--------------+------------+-----------+------+------------+


+-----------------------------------------------------------------------+
; th                                                                    ;
+---------------+-------------+-----------+------+-----------+----------+
; Minimum Slack ; Required th ; Actual th ; From ; To        ; To Clock ;
+---------------+-------------+-----------+------+-----------+----------+
; N/A           ; None        ; 0.391 ns  ; d[1] ; q[1]~reg0 ; clk      ;
; N/A           ; None        ; 0.115 ns  ; en   ; q[0]~reg0 ; clk      ;
; N/A           ; None        ; 0.115 ns  ; en   ; q[1]~reg0 ; clk      ;
; N/A           ; None        ; 0.115 ns  ; en   ; q[2]~reg0 ; clk      ;
; N/A           ; None        ; 0.115 ns  ; en   ; q[3]~reg0 ; clk      ;
; N/A           ; None        ; -3.169 ns ; d[0] ; q[0]~reg0 ; clk      ;
; N/A           ; None        ; -3.436 ns ; d[2] ; q[2]~reg0 ; clk      ;
; N/A           ; None        ; -3.843 ns ; d[3] ; q[3]~reg0 ; clk      ;
+---------------+-------------+-----------+------+-----------+----------+


+--------------------------+
; Timing Analyzer Messages ;
+--------------------------+
Info: *******************************************************************
Info: Running Quartus II Classic Timing Analyzer
    Info: Version 9.1 Build 350 03/24/2010 Service Pack 2 SJ Web Edition
    Info: Processing started: Fri Apr 27 13:11:57 2018
Info: Command: quartus_tan --read_settings_files=off --write_settings_files=off flopenr -c flopenr --timing_analysis_only
Warning: Found pins functioning as undefined clocks and/or memory enables
    Info: Assuming node "clk" is an undefined clock
Info: No valid register-to-register data paths exist for clock "clk"
Info: tsu for register "q[3]~reg0" (data pin = "d[3]", clock pin = "clk") is 4.073 ns
    Info: + Longest pin to register delay is 6.459 ns
        Info: 1: + IC(0.000 ns) + CELL(0.852 ns) = 0.852 ns; Loc. = PIN_8; Fanout = 1; PIN Node = 'd[3]'
        Info: 2: + IC(5.241 ns) + CELL(0.366 ns) = 6.459 ns; Loc. = LCFF_X4_Y4_N7; Fanout = 1; REG Node = 'q[3]~reg0'
        Info: Total cell delay = 1.218 ns ( 18.86 % )
        Info: Total interconnect delay = 5.241 ns ( 81.14 % )
    Info: + Micro setup delay of destination is -0.036 ns
    Info: - Shortest clock path from clock "clk" to destination register is 2.350 ns
        Info: 1: + IC(0.000 ns) + CELL(0.989 ns) = 0.989 ns; Loc. = PIN_17; Fanout = 1; CLK Node = 'clk'
        Info: 2: + IC(0.122 ns) + CELL(0.000 ns) = 1.111 ns; Loc. = CLKCTRL_G2; Fanout = 4; COMB Node = 'clk~clkctrl'
        Info: 3: + IC(0.702 ns) + CELL(0.537 ns) = 2.350 ns; Loc. = LCFF_X4_Y4_N7; Fanout = 1; REG Node = 'q[3]~reg0'
        Info: Total cell delay = 1.526 ns ( 64.94 % )
        Info: Total interconnect delay = 0.824 ns ( 35.06 % )
Info: tco from clock "clk" to destination pin "q[3]" through register "q[3]~reg0" is 6.342 ns
    Info: + Longest clock path from clock "clk" to source register is 2.350 ns
        Info: 1: + IC(0.000 ns) + CELL(0.989 ns) = 0.989 ns; Loc. = PIN_17; Fanout = 1; CLK Node = 'clk'
        Info: 2: + IC(0.122 ns) + CELL(0.000 ns) = 1.111 ns; Loc. = CLKCTRL_G2; Fanout = 4; COMB Node = 'clk~clkctrl'
        Info: 3: + IC(0.702 ns) + CELL(0.537 ns) = 2.350 ns; Loc. = LCFF_X4_Y4_N7; Fanout = 1; REG Node = 'q[3]~reg0'
        Info: Total cell delay = 1.526 ns ( 64.94 % )
        Info: Total interconnect delay = 0.824 ns ( 35.06 % )
    Info: + Micro clock to output delay of source is 0.250 ns
    Info: + Longest register to pin delay is 3.742 ns
        Info: 1: + IC(0.000 ns) + CELL(0.000 ns) = 0.000 ns; Loc. = LCFF_X4_Y4_N7; Fanout = 1; REG Node = 'q[3]~reg0'
        Info: 2: + IC(0.944 ns) + CELL(2.798 ns) = 3.742 ns; Loc. = PIN_40; Fanout = 0; PIN Node = 'q[3]'
        Info: Total cell delay = 2.798 ns ( 74.77 % )
        Info: Total interconnect delay = 0.944 ns ( 25.23 % )
Info: th for register "q[1]~reg0" (data pin = "d[1]", clock pin = "clk") is 0.391 ns
    Info: + Longest clock path from clock "clk" to destination register is 2.350 ns
        Info: 1: + IC(0.000 ns) + CELL(0.989 ns) = 0.989 ns; Loc. = PIN_17; Fanout = 1; CLK Node = 'clk'
        Info: 2: + IC(0.122 ns) + CELL(0.000 ns) = 1.111 ns; Loc. = CLKCTRL_G2; Fanout = 4; COMB Node = 'clk~clkctrl'
        Info: 3: + IC(0.702 ns) + CELL(0.537 ns) = 2.350 ns; Loc. = LCFF_X4_Y4_N11; Fanout = 1; REG Node = 'q[1]~reg0'
        Info: Total cell delay = 1.526 ns ( 64.94 % )
        Info: Total interconnect delay = 0.824 ns ( 35.06 % )
    Info: + Micro hold delay of destination is 0.266 ns
    Info: - Shortest pin to register delay is 2.225 ns
        Info: 1: + IC(0.000 ns) + CELL(0.989 ns) = 0.989 ns; Loc. = PIN_22; Fanout = 1; PIN Node = 'd[1]'
        Info: 2: + IC(0.870 ns) + CELL(0.366 ns) = 2.225 ns; Loc. = LCFF_X4_Y4_N11; Fanout = 1; REG Node = 'q[1]~reg0'
        Info: Total cell delay = 1.355 ns ( 60.90 % )
        Info: Total interconnect delay = 0.870 ns ( 39.10 % )
Info: Quartus II Classic Timing Analyzer was successful. 0 errors, 1 warning
    Info: Peak virtual memory: 165 megabytes
    Info: Processing ended: Fri Apr 27 13:12:10 2018
    Info: Elapsed time: 00:00:13
    Info: Total CPU time (on all processors): 00:00:01


