Classic Timing Analyzer report for mux4_estrutural2
Thu Apr 19 20:44:41 2018
Quartus II Version 9.1 Build 350 03/24/2010 Service Pack 2 SJ Web Edition


---------------------
; Table of Contents ;
---------------------
  1. Legal Notice
  2. Timing Analyzer Summary
  3. Timing Analyzer Settings
  4. Parallel Compilation
  5. tpd
  6. Timing Analyzer Messages



----------------
; Legal Notice ;
----------------
Copyright (C) 1991-2010 Altera Corporation
Your use of Altera Corporation's design tools, logic functions 
and other software and tools, and its AMPP partner logic 
functions, and any output files from any of the foregoing 
(including device programming or simulation files), and any 
associated documentation or information are expressly subject 
to the terms and conditions of the Altera Program License 
Subscription Agreement, Altera MegaCore Function License 
Agreement, or other applicable license agreement, including, 
without limitation, that your use is for the sole purpose of 
programming logic devices manufactured by Altera and sold by 
Altera or its authorized distributors.  Please refer to the 
applicable agreement for further details.



+-------------------------------------------------------------------------------------------------------------------------+
; Timing Analyzer Summary                                                                                                 ;
+------------------------------+-------+---------------+-------------+------+------+------------+----------+--------------+
; Type                         ; Slack ; Required Time ; Actual Time ; From ; To   ; From Clock ; To Clock ; Failed Paths ;
+------------------------------+-------+---------------+-------------+------+------+------------+----------+--------------+
; Worst-case tpd               ; N/A   ; None          ; 12.494 ns   ; s[1] ; y[1] ; --         ; --       ; 0            ;
; Total number of failed paths ;       ;               ;             ;      ;      ;            ;          ; 0            ;
+------------------------------+-------+---------------+-------------+------+------+------------+----------+--------------+


+-----------------------------------------------------------------------------------------------------------------------------------------------------+
; Timing Analyzer Settings                                                                                                                            ;
+------------------------------------------------------------------------------------------------------+--------------------+------+----+-------------+
; Option                                                                                               ; Setting            ; From ; To ; Entity Name ;
+------------------------------------------------------------------------------------------------------+--------------------+------+----+-------------+
; Device Name                                                                                          ; EP2C5T144C6        ;      ;    ;             ;
; Timing Models                                                                                        ; Final              ;      ;    ;             ;
; Default hold multicycle                                                                              ; Same as Multicycle ;      ;    ;             ;
; Cut paths between unrelated clock domains                                                            ; On                 ;      ;    ;             ;
; Cut off read during write signal paths                                                               ; On                 ;      ;    ;             ;
; Cut off feedback from I/O pins                                                                       ; On                 ;      ;    ;             ;
; Report Combined Fast/Slow Timing                                                                     ; Off                ;      ;    ;             ;
; Ignore Clock Settings                                                                                ; Off                ;      ;    ;             ;
; Analyze latches as synchronous elements                                                              ; On                 ;      ;    ;             ;
; Enable Recovery/Removal analysis                                                                     ; Off                ;      ;    ;             ;
; Enable Clock Latency                                                                                 ; Off                ;      ;    ;             ;
; Use TimeQuest Timing Analyzer                                                                        ; Off                ;      ;    ;             ;
; Minimum Core Junction Temperature                                                                    ; 0                  ;      ;    ;             ;
; Maximum Core Junction Temperature                                                                    ; 85                 ;      ;    ;             ;
; Number of source nodes to report per destination node                                                ; 10                 ;      ;    ;             ;
; Number of destination nodes to report                                                                ; 10                 ;      ;    ;             ;
; Number of paths to report                                                                            ; 200                ;      ;    ;             ;
; Report Minimum Timing Checks                                                                         ; Off                ;      ;    ;             ;
; Use Fast Timing Models                                                                               ; Off                ;      ;    ;             ;
; Report IO Paths Separately                                                                           ; Off                ;      ;    ;             ;
; Perform Multicorner Analysis                                                                         ; On                 ;      ;    ;             ;
; Reports the worst-case path for each clock domain and analysis                                       ; Off                ;      ;    ;             ;
; Reports worst-case timing paths for each clock domain and analysis                                   ; On                 ;      ;    ;             ;
; Specifies the maximum number of worst-case timing paths to report for each clock domain and analysis ; 100                ;      ;    ;             ;
; Removes common clock path pessimism (CCPP) during slack computation                                  ; Off                ;      ;    ;             ;
; Output I/O Timing Endpoint                                                                           ; Near End           ;      ;    ;             ;
+------------------------------------------------------------------------------------------------------+--------------------+------+----+-------------+


Parallel compilation was disabled, but you have multiple processors available. Enable parallel compilation to reduce compilation time.
+-------------------------------------+
; Parallel Compilation                ;
+----------------------------+--------+
; Processors                 ; Number ;
+----------------------------+--------+
; Number detected on machine ; 4      ;
; Maximum allowed            ; 1      ;
+----------------------------+--------+


+------------------------------------------------------------+
; tpd                                                        ;
+-------+-------------------+-----------------+-------+------+
; Slack ; Required P2P Time ; Actual P2P Time ; From  ; To   ;
+-------+-------------------+-----------------+-------+------+
; N/A   ; None              ; 12.494 ns       ; s[1]  ; y[1] ;
; N/A   ; None              ; 12.005 ns       ; s[0]  ; y[1] ;
; N/A   ; None              ; 11.968 ns       ; d1[1] ; y[1] ;
; N/A   ; None              ; 11.582 ns       ; s[1]  ; y[3] ;
; N/A   ; None              ; 11.510 ns       ; s[0]  ; y[3] ;
; N/A   ; None              ; 11.246 ns       ; d3[3] ; y[3] ;
; N/A   ; None              ; 11.227 ns       ; d2[3] ; y[3] ;
; N/A   ; None              ; 10.864 ns       ; s[1]  ; y[2] ;
; N/A   ; None              ; 10.800 ns       ; d0[3] ; y[3] ;
; N/A   ; None              ; 10.718 ns       ; d2[2] ; y[2] ;
; N/A   ; None              ; 10.703 ns       ; s[1]  ; y[0] ;
; N/A   ; None              ; 10.673 ns       ; d0[0] ; y[0] ;
; N/A   ; None              ; 10.660 ns       ; d1[0] ; y[0] ;
; N/A   ; None              ; 10.620 ns       ; d2[0] ; y[0] ;
; N/A   ; None              ; 10.538 ns       ; d1[3] ; y[3] ;
; N/A   ; None              ; 10.381 ns       ; s[0]  ; y[2] ;
; N/A   ; None              ; 10.363 ns       ; s[0]  ; y[0] ;
; N/A   ; None              ; 10.197 ns       ; d3[2] ; y[2] ;
; N/A   ; None              ; 10.132 ns       ; d3[0] ; y[0] ;
; N/A   ; None              ; 9.722 ns        ; d0[2] ; y[2] ;
; N/A   ; None              ; 8.295 ns        ; d2[1] ; y[1] ;
; N/A   ; None              ; 8.136 ns        ; d3[1] ; y[1] ;
; N/A   ; None              ; 7.356 ns        ; d0[1] ; y[1] ;
; N/A   ; None              ; 5.731 ns        ; d1[2] ; y[2] ;
+-------+-------------------+-----------------+-------+------+


+--------------------------+
; Timing Analyzer Messages ;
+--------------------------+
Info: *******************************************************************
Info: Running Quartus II Classic Timing Analyzer
    Info: Version 9.1 Build 350 03/24/2010 Service Pack 2 SJ Web Edition
    Info: Processing started: Thu Apr 19 20:44:36 2018
Info: Command: quartus_tan --read_settings_files=off --write_settings_files=off mux4_estrutural2 -c mux4_estrutural2 --timing_analysis_only
Info: Longest tpd from source pin "s[1]" to destination pin "y[1]" is 12.494 ns
    Info: 1: + IC(0.000 ns) + CELL(0.860 ns) = 0.860 ns; Loc. = PIN_70; Fanout = 7; PIN Node = 's[1]'
    Info: 2: + IC(5.217 ns) + CELL(0.420 ns) = 6.497 ns; Loc. = LCCOMB_X26_Y6_N28; Fanout = 1; COMB Node = 'mux2_estrutural:finalmux|tristate:bottomTristate|y[1]~2'
    Info: 3: + IC(0.245 ns) + CELL(0.420 ns) = 7.162 ns; Loc. = LCCOMB_X26_Y6_N6; Fanout = 1; COMB Node = 'mux2_estrutural:finalmux|tristate:bottomTristate|y[1]~3'
    Info: 4: + IC(2.690 ns) + CELL(2.642 ns) = 12.494 ns; Loc. = PIN_8; Fanout = 0; PIN Node = 'y[1]'
    Info: Total cell delay = 4.342 ns ( 34.75 % )
    Info: Total interconnect delay = 8.152 ns ( 65.25 % )
Info: Quartus II Classic Timing Analyzer was successful. 0 errors, 0 warnings
    Info: Peak virtual memory: 241 megabytes
    Info: Processing ended: Thu Apr 19 20:44:43 2018
    Info: Elapsed time: 00:00:07
    Info: Total CPU time (on all processors): 00:00:01


